<?xml version="1.0" encoding="UTF-8"?>
<!-- Generated by org.testng.reporters.JUnitReportReporter -->
<testsuite skipped="0" hostname="LAPTOP-3047PCUK" name="jenkins.sortTest" tests="1" failures="0" timestamp="13 Nov 2019 00:07:40 GMT" time="0.024" errors="0">
  <testcase name="sorting" time="0.024" classname="jenkins.sortTest"/>
</testsuite> <!-- jenkins.sortTest -->
