<?xml version="1.0" encoding="UTF-8"?>
<!-- Generated by org.testng.reporters.JUnitReportReporter -->
<testsuite hostname="LAPTOP-3047PCUK" name="jenkins.JenkinMavenTest" tests="1" failures="0" timestamp="12 Nov 2019 03:39:14 GMT" time="0.014" errors="0">
  <testcase name="selem" time="0.014" classname="jenkins.JenkinMavenTest"/>
</testsuite> <!-- jenkins.JenkinMavenTest -->
